0 verbose cli [
0 verbose cli   '/data/data/com.termux/files/usr/bin/node',
0 verbose cli   '/data/data/com.termux/files/usr/bin/npm',
0 verbose cli   'config',
0 verbose cli   'set',
0 verbose cli   'foreground-scripts',
0 verbose cli   'true'
0 verbose cli ]
1 info using npm@8.5.2
2 info using node@v17.7.2
3 timing npm:load:whichnode Completed in 1ms
4 timing config:load:defaults Completed in 6ms
5 timing config:load:file:/data/data/com.termux/files/usr/lib/node_modules/npm/npmrc Completed in 5ms
6 timing config:load:builtin Completed in 6ms
7 timing config:load:cli Completed in 7ms
8 timing config:load:env Completed in 3ms
9 timing config:load:file:/.npmrc Completed in 0ms
10 timing config:load:project Completed in 39ms
11 timing config:load:file:/data/data/com.termux/files/home/.npmrc Completed in 3ms
12 timing config:load:user Completed in 4ms
13 timing config:load:file:/data/data/com.termux/files/usr/etc/npmrc Completed in 0ms
14 timing config:load:global Completed in 1ms
15 timing config:load:validate Completed in 0ms
16 timing config:load:credentials Completed in 11ms
17 timing config:load:setEnvs Completed in 5ms
18 timing config:load Completed in 87ms
19 timing npm:load:configload Completed in 89ms
20 timing npm:load:setTitle Completed in 2ms
21 timing config:load:flatten Completed in 15ms
22 timing npm:load:display Completed in 25ms
23 verbose logfile /data/data/com.termux/files/home/.npm/_logs/2022-03-21T23_25_37_392Z-debug-0.log
24 timing npm:load:logFile Completed in 23ms
25 timing npm:load:timers Completed in 0ms
26 timing npm:load:configScope Completed in 0ms
27 timing npm:load Completed in 144ms
28 info config set "foreground-scripts" "true"
29 timing config:load:flatten Completed in 2ms
30 timing command:config Completed in 289ms
31 verbose exit 0
32 timing npm Completed in 1364ms
33 info ok
