0 verbose cli [
0 verbose cli   '/data/data/com.termux/files/usr/bin/node',
0 verbose cli   '/data/data/com.termux/files/usr/bin/npm',
0 verbose cli   'install'
0 verbose cli ]
1 info using npm@8.5.2
2 info using node@v17.7.2
3 timing npm:load:whichnode Completed in 2ms
4 timing config:load:defaults Completed in 6ms
5 timing config:load:file:/data/data/com.termux/files/usr/lib/node_modules/npm/npmrc Completed in 19ms
6 timing config:load:builtin Completed in 20ms
7 timing config:load:cli Completed in 5ms
8 timing config:load:env Completed in 1ms
9 timing config:load:file:/storage/emulated/0/aleatory/.npmrc Completed in 1ms
10 timing config:load:project Completed in 64ms
11 timing config:load:file:/data/data/com.termux/files/home/.npmrc Completed in 8ms
12 timing config:load:user Completed in 9ms
13 timing config:load:file:/data/data/com.termux/files/usr/etc/npmrc Completed in 2ms
14 timing config:load:global Completed in 3ms
15 timing config:load:validate Completed in 2ms
16 timing config:load:credentials Completed in 3ms
17 timing config:load:setEnvs Completed in 3ms
18 timing config:load Completed in 120ms
19 timing npm:load:configload Completed in 121ms
20 timing npm:load:setTitle Completed in 1ms
21 timing config:load:flatten Completed in 10ms
22 timing npm:load:display Completed in 17ms
23 verbose logfile /data/data/com.termux/files/home/.npm/_logs/2022-03-21T23_25_41_433Z-debug-0.log
24 timing npm:load:logFile Completed in 19ms
25 timing npm:load:timers Completed in 0ms
26 timing npm:load:configScope Completed in 0ms
27 timing npm:load Completed in 162ms
28 timing arborist:ctor Completed in 3ms
29 verbose shrinkwrap failed to load node_modules/.package-lock.json out of date, updated: node_modules
30 timing idealTree:init Completed in 1226ms
31 warn old lockfile
31 warn old lockfile The package-lock.json file was created with an old version of npm,
31 warn old lockfile so supplemental metadata must be fetched from the registry.
31 warn old lockfile
31 warn old lockfile This is a one-time fix-up, please be patient...
31 warn old lockfile
32 http fetch GET 200 https://registry.npmjs.org/npm 3151ms (cache miss)
33 timing npm Completed in 4387ms
34 verbose unfinished npm timer command:install 1647905142462
35 verbose unfinished npm timer reify 1647905142471
36 verbose unfinished npm timer reify:loadTrees 1647905142750
37 verbose unfinished npm timer idealTree 1647905142752
38 verbose unfinished npm timer idealTree:inflate 1647905143980
39 info ok
40 error Exit handler never called!
41 error This is an error with npm itself. Please report this error at:
42 error     <https://github.com/npm/cli/issues>
43 error A complete log of this run can be found in:
43 error     /data/data/com.termux/files/home/.npm/_logs/2022-03-21T23_25_41_433Z-debug-0.log
